  [1m[35m (217.7ms)[0m  [1m[35mSET NAMES utf8,  @@SESSION.sql_mode = CONCAT(CONCAT(@@sql_mode, ',STRICT_ALL_TABLES'), ',NO_AUTO_VALUE_ON_ZERO'),  @@SESSION.sql_auto_is_null = 0, @@SESSION.wait_timeout = 2147483[0m
  [1m[35m (0.9ms)[0m  [1m[35mCREATE DATABASE `ong_development` DEFAULT CHARACTER SET `utf8`[0m
  [1m[35m (0.7ms)[0m  [1m[35mSET NAMES utf8,  @@SESSION.sql_mode = CONCAT(CONCAT(@@sql_mode, ',STRICT_ALL_TABLES'), ',NO_AUTO_VALUE_ON_ZERO'),  @@SESSION.sql_auto_is_null = 0, @@SESSION.wait_timeout = 2147483[0m
  [1m[35m (0.7ms)[0m  [1m[35mCREATE DATABASE `ong_test` DEFAULT CHARACTER SET `utf8`[0m
  [1m[35m (0.5ms)[0m  [1m[35mSET NAMES utf8,  @@SESSION.sql_mode = CONCAT(CONCAT(@@sql_mode, ',STRICT_ALL_TABLES'), ',NO_AUTO_VALUE_ON_ZERO'),  @@SESSION.sql_auto_is_null = 0, @@SESSION.wait_timeout = 2147483[0m
  [1m[35m (560.3ms)[0m  [1m[35mCREATE TABLE `schema_migrations` (`version` varchar(255) NOT NULL PRIMARY KEY) ENGINE=InnoDB[0m
  [1m[35m (369.9ms)[0m  [1m[35mCREATE TABLE `ar_internal_metadata` (`key` varchar(255) NOT NULL PRIMARY KEY, `value` varchar(255), `created_at` datetime NOT NULL, `updated_at` datetime NOT NULL) ENGINE=InnoDB[0m
  [1m[35m (0.5ms)[0m  [1m[34mSELECT GET_LOCK('555237718112681625', 0)[0m
  [1m[35m (24.2ms)[0m  [1m[34mSELECT `schema_migrations`.`version` FROM `schema_migrations` ORDER BY `schema_migrations`.`version` ASC[0m
Migrating to DeviseCreateUsers (20180330011202)
  [1m[35m (312.5ms)[0m  [1m[35mCREATE TABLE `users` (`id` bigint NOT NULL AUTO_INCREMENT PRIMARY KEY, `email` varchar(255) DEFAULT '' NOT NULL, `encrypted_password` varchar(255) DEFAULT '' NOT NULL, `reset_password_token` varchar(255), `reset_password_sent_at` datetime, `remember_created_at` datetime, `sign_in_count` int DEFAULT 0 NOT NULL, `current_sign_in_at` datetime, `last_sign_in_at` datetime, `current_sign_in_ip` varchar(255), `last_sign_in_ip` varchar(255), `created_at` datetime NOT NULL, `updated_at` datetime NOT NULL) ENGINE=InnoDB[0m
  [1m[35m (364.8ms)[0m  [1m[35mCREATE UNIQUE INDEX `index_users_on_email`  ON `users` (`email`) [0m
  [1m[35m (297.7ms)[0m  [1m[35mCREATE UNIQUE INDEX `index_users_on_reset_password_token`  ON `users` (`reset_password_token`) [0m
  [1m[35m (0.4ms)[0m  [1m[35mBEGIN[0m
  [1m[35mSQL (16.2ms)[0m  [1m[32mINSERT INTO `schema_migrations` (`version`) VALUES ('20180330011202')[0m
  [1m[35m (39.3ms)[0m  [1m[35mCOMMIT[0m
Migrating to CreateAnimals (20180330011523)
  [1m[35m (348.1ms)[0m  [1m[35mCREATE TABLE `animals` (`id` bigint NOT NULL AUTO_INCREMENT PRIMARY KEY, `name` varchar(255), `image` varchar(255), `species` varchar(255), `breed` varchar(255), `note` varchar(255), `created_at` datetime NOT NULL, `updated_at` datetime NOT NULL) ENGINE=InnoDB[0m
  [1m[35m (19.2ms)[0m  [1m[35mBEGIN[0m
  [1m[35mSQL (2.4ms)[0m  [1m[32mINSERT INTO `schema_migrations` (`version`) VALUES ('20180330011523')[0m
  [1m[35m (97.0ms)[0m  [1m[35mCOMMIT[0m
Migrating to CreateAddresses (20180330011708)
  [1m[35m (367.8ms)[0m  [1m[35mCREATE TABLE `addresses` (`id` bigint NOT NULL AUTO_INCREMENT PRIMARY KEY, `street` varchar(255), `number` varchar(255), `complement` varchar(255), `neighborhood` varchar(255), `city` varchar(255), `state` varchar(255), `zip_code` varchar(255), `created_at` datetime NOT NULL, `updated_at` datetime NOT NULL) ENGINE=InnoDB[0m
  [1m[35m (0.4ms)[0m  [1m[35mBEGIN[0m
  [1m[35mSQL (0.5ms)[0m  [1m[32mINSERT INTO `schema_migrations` (`version`) VALUES ('20180330011708')[0m
  [1m[35m (51.1ms)[0m  [1m[35mCOMMIT[0m
Migrating to CreateDonorTypes (20180330011958)
  [1m[35m (372.3ms)[0m  [1m[35mCREATE TABLE `donor_types` (`id` bigint NOT NULL AUTO_INCREMENT PRIMARY KEY, `name` varchar(255), `created_at` datetime NOT NULL, `updated_at` datetime NOT NULL) ENGINE=InnoDB[0m
  [1m[35m (0.3ms)[0m  [1m[35mBEGIN[0m
  [1m[35mSQL (0.5ms)[0m  [1m[32mINSERT INTO `schema_migrations` (`version`) VALUES ('20180330011958')[0m
  [1m[35m (125.8ms)[0m  [1m[35mCOMMIT[0m
Migrating to CreateVets (20180330012524)
  [1m[35m (439.2ms)[0m  [1m[35mCREATE TABLE `vets` (`id` bigint NOT NULL AUTO_INCREMENT PRIMARY KEY, `name` varchar(255), `fone` varchar(255), `crv` varchar(255), `address_id` bigint, `created_at` datetime NOT NULL, `updated_at` datetime NOT NULL,  INDEX `index_vets_on_address_id`  (`address_id`), CONSTRAINT `fk_rails_a7eebaf363`
FOREIGN KEY (`address_id`)
  REFERENCES `addresses` (`id`)
) ENGINE=InnoDB[0m
  [1m[35m (0.5ms)[0m  [1m[35mBEGIN[0m
  [1m[35mSQL (0.8ms)[0m  [1m[32mINSERT INTO `schema_migrations` (`version`) VALUES ('20180330012524')[0m
  [1m[35m (38.7ms)[0m  [1m[35mCOMMIT[0m
Migrating to CreateAnimalHistories (20180330012634)
  [1m[35m (462.6ms)[0m  [1m[35mCREATE TABLE `animal_histories` (`id` bigint NOT NULL AUTO_INCREMENT PRIMARY KEY, `date_ini` date, `animal_id` bigint, `vet_id` bigint, `note` varchar(255), `created_at` datetime NOT NULL, `updated_at` datetime NOT NULL,  INDEX `index_animal_histories_on_animal_id`  (`animal_id`),  INDEX `index_animal_histories_on_vet_id`  (`vet_id`), CONSTRAINT `fk_rails_231133623b`
FOREIGN KEY (`animal_id`)
  REFERENCES `animals` (`id`)
, CONSTRAINT `fk_rails_6796eb6100`
FOREIGN KEY (`vet_id`)
  REFERENCES `vets` (`id`)
) ENGINE=InnoDB[0m
  [1m[35m (0.7ms)[0m  [1m[35mBEGIN[0m
  [1m[35mSQL (0.6ms)[0m  [1m[32mINSERT INTO `schema_migrations` (`version`) VALUES ('20180330012634')[0m
  [1m[35m (40.5ms)[0m  [1m[35mCOMMIT[0m
Migrating to CreateDonations (20180401170326)
  [1m[35m (537.1ms)[0m  [1m[35mCREATE TABLE `donations` (`id` bigint NOT NULL AUTO_INCREMENT PRIMARY KEY, `person` varchar(255), `donor_type_id` bigint, `amount` varchar(255), `animal_id` bigint, `created_at` datetime NOT NULL, `updated_at` datetime NOT NULL,  INDEX `index_donations_on_donor_type_id`  (`donor_type_id`),  INDEX `index_donations_on_animal_id`  (`animal_id`), CONSTRAINT `fk_rails_6682ae020f`
FOREIGN KEY (`donor_type_id`)
  REFERENCES `donor_types` (`id`)
, CONSTRAINT `fk_rails_bd2ab7a894`
FOREIGN KEY (`animal_id`)
  REFERENCES `animals` (`id`)
) ENGINE=InnoDB[0m
  [1m[35m (0.4ms)[0m  [1m[35mBEGIN[0m
  [1m[35mSQL (0.7ms)[0m  [1m[32mINSERT INTO `schema_migrations` (`version`) VALUES ('20180401170326')[0m
  [1m[35m (50.9ms)[0m  [1m[35mCOMMIT[0m
  [1m[36mActiveRecord::InternalMetadata Load (0.6ms)[0m  [1m[34mSELECT  `ar_internal_metadata`.* FROM `ar_internal_metadata` WHERE `ar_internal_metadata`.`key` = 'environment' LIMIT 1[0m
  [1m[35m (0.8ms)[0m  [1m[35mBEGIN[0m
  [1m[35mSQL (0.7ms)[0m  [1m[32mINSERT INTO `ar_internal_metadata` (`key`, `value`, `created_at`, `updated_at`) VALUES ('environment', 'development', '2018-04-04 01:01:22', '2018-04-04 01:01:22')[0m
  [1m[35m (50.1ms)[0m  [1m[35mCOMMIT[0m
  [1m[35m (0.7ms)[0m  [1m[34mSELECT RELEASE_LOCK('555237718112681625')[0m
  [1m[35m (5.2ms)[0m  [1m[34mSELECT `schema_migrations`.`version` FROM `schema_migrations` ORDER BY `schema_migrations`.`version` ASC[0m
  [1m[35m (0.5ms)[0m  [1m[34mSELECT `schema_migrations`.`version` FROM `schema_migrations` ORDER BY `schema_migrations`.`version` ASC[0m
  [1m[35m (0.4ms)[0m  [1m[35mBEGIN[0m
  [1m[36mUser Exists (52.1ms)[0m  [1m[34mSELECT  1 AS one FROM `users` WHERE `users`.`email` = BINARY 'caio@caio.com.br' LIMIT 1[0m
  [1m[35mSQL (0.9ms)[0m  [1m[32mINSERT INTO `users` (`email`, `encrypted_password`, `created_at`, `updated_at`) VALUES ('caio@caio.com.br', '$2a$11$0vgF0iYMK6ii8Ane9RQjneLSdeIcXhNcPJy3UbACi9Or4OFKVydaO', '2018-04-04 01:01:26', '2018-04-04 01:01:26')[0m
  [1m[35m (141.9ms)[0m  [1m[35mCOMMIT[0m
  [1m[35m (0.3ms)[0m  [1m[35mBEGIN[0m
  [1m[36mUser Exists (1.6ms)[0m  [1m[34mSELECT  1 AS one FROM `users` WHERE `users`.`email` = BINARY 'jackbpaiva@gmail.com' LIMIT 1[0m
  [1m[35mSQL (0.9ms)[0m  [1m[32mINSERT INTO `users` (`email`, `encrypted_password`, `created_at`, `updated_at`) VALUES ('jackbpaiva@gmail.com', '$2a$11$n9yVXItMEW0KcFRf4GGpNunEbVjiGNul4NoSJij/4YnNPfcgCrX..', '2018-04-04 01:01:26', '2018-04-04 01:01:26')[0m
  [1m[35m (103.1ms)[0m  [1m[35mCOMMIT[0m
  [1m[35m (0.4ms)[0m  [1m[35mBEGIN[0m
  [1m[35mSQL (0.6ms)[0m  [1m[32mINSERT INTO `donor_types` (`name`, `created_at`, `updated_at`) VALUES ('Ração', '2018-04-04 01:01:26', '2018-04-04 01:01:26')[0m
  [1m[35m (182.9ms)[0m  [1m[35mCOMMIT[0m
  [1m[35m (0.3ms)[0m  [1m[35mBEGIN[0m
  [1m[35mSQL (0.7ms)[0m  [1m[32mINSERT INTO `donor_types` (`name`, `created_at`, `updated_at`) VALUES ('Medicamento', '2018-04-04 01:01:26', '2018-04-04 01:01:26')[0m
  [1m[35m (84.3ms)[0m  [1m[35mCOMMIT[0m
Started GET "/" for 127.0.0.1 at 2018-04-03 22:01:48 -0300
  [1m[35m (0.5ms)[0m  [1m[35mSET NAMES utf8,  @@SESSION.sql_mode = CONCAT(CONCAT(@@sql_mode, ',STRICT_ALL_TABLES'), ',NO_AUTO_VALUE_ON_ZERO'),  @@SESSION.sql_auto_is_null = 0, @@SESSION.wait_timeout = 2147483[0m
  [1m[35m (0.6ms)[0m  [1m[34mSELECT `schema_migrations`.`version` FROM `schema_migrations` ORDER BY `schema_migrations`.`version` ASC[0m
Processing by HomesController#index as HTML
Completed 401 Unauthorized in 25ms (ActiveRecord: 0.0ms)


Started GET "/users/sign_in" for 127.0.0.1 at 2018-04-03 22:01:48 -0300
Processing by Devise::SessionsController#new as HTML
  Rendering devise/sessions/new.html.erb within layouts/devise
  Rendered devise/sessions/new.html.erb within layouts/devise (22.3ms)
Completed 200 OK in 1830ms (Views: 1689.6ms | ActiveRecord: 3.0ms)


Started POST "/users/sign_in" for 127.0.0.1 at 2018-04-03 22:10:12 -0300
Processing by Devise::SessionsController#create as HTML
  Parameters: {"utf8"=>"✓", "authenticity_token"=>"7gnB3EdHxC67rt9sufleTBoMNZtULvLCcLVG6VNWlaNbTkliqZ4pxris5AoWGkBnGe5z82YOUOitvgIAMSZyFQ==", "user"=>{"email"=>"caio@caio.com.br", "password"=>"[FILTERED]"}, "commit"=>"Log in"}
  [1m[36mUser Load (0.9ms)[0m  [1m[34mSELECT  `users`.* FROM `users` WHERE `users`.`email` = 'caio@caio.com.br' ORDER BY `users`.`id` ASC LIMIT 1[0m
  [1m[35m (0.3ms)[0m  [1m[35mBEGIN[0m
  [1m[35mSQL (37.6ms)[0m  [1m[33mUPDATE `users` SET `current_sign_in_at` = '2018-04-04 01:10:12', `last_sign_in_at` = '2018-04-04 01:10:12', `current_sign_in_ip` = '127.0.0.1', `last_sign_in_ip` = '127.0.0.1', `sign_in_count` = 1, `updated_at` = '2018-04-04 01:10:12' WHERE `users`.`id` = 1[0m
  [1m[35m (63.3ms)[0m  [1m[35mCOMMIT[0m
Redirected to http://localhost:3000/
Completed 302 Found in 600ms (ActiveRecord: 102.1ms)


Started GET "/" for 127.0.0.1 at 2018-04-03 22:10:12 -0300
Processing by HomesController#index as HTML
  [1m[36mUser Load (0.7ms)[0m  [1m[34mSELECT  `users`.* FROM `users` WHERE `users`.`id` = 1 ORDER BY `users`.`id` ASC LIMIT 1[0m
  Rendering homes/index.html.erb within layouts/application
  Rendered homes/index.html.erb within layouts/application (0.7ms)
Completed 200 OK in 164ms (Views: 159.4ms | ActiveRecord: 0.7ms)


Started GET "/users" for 127.0.0.1 at 2018-04-03 22:10:22 -0300
Processing by UsersController#index as HTML
  [1m[36mUser Load (1.3ms)[0m  [1m[34mSELECT  `users`.* FROM `users` WHERE `users`.`id` = 1 ORDER BY `users`.`id` ASC LIMIT 1[0m
  Rendering users/index.html.erb within layouts/application
  [1m[36mUser Load (0.6ms)[0m  [1m[34mSELECT  `users`.* FROM `users` LIMIT 1 OFFSET 0[0m
  [1m[35m (76.3ms)[0m  [1m[34mSELECT COUNT(*) FROM `users`[0m
  Rendered users/index.html.erb within layouts/application (121.2ms)
Completed 200 OK in 276ms (Views: 191.4ms | ActiveRecord: 78.2ms)


Started GET "/users" for 127.0.0.1 at 2018-04-03 22:10:27 -0300
Processing by UsersController#index as HTML
  [1m[36mUser Load (0.6ms)[0m  [1m[34mSELECT  `users`.* FROM `users` WHERE `users`.`id` = 1 ORDER BY `users`.`id` ASC LIMIT 1[0m
  Rendering users/index.html.erb within layouts/application
  [1m[36mUser Load (0.5ms)[0m  [1m[34mSELECT  `users`.* FROM `users` LIMIT 1 OFFSET 0[0m
  [1m[35m (0.5ms)[0m  [1m[34mSELECT COUNT(*) FROM `users`[0m
  Rendered users/index.html.erb within layouts/application (28.5ms)
Completed 200 OK in 170ms (Views: 160.4ms | ActiveRecord: 1.6ms)


Started GET "/donations" for 127.0.0.1 at 2018-04-03 22:10:27 -0300
Processing by DonationsController#index as HTML
  [1m[36mUser Load (1.7ms)[0m  [1m[34mSELECT  `users`.* FROM `users` WHERE `users`.`id` = 1 ORDER BY `users`.`id` ASC LIMIT 1[0m
  Rendering donations/index.html.erb within layouts/application
  [1m[36mDonation Load (0.7ms)[0m  [1m[34mSELECT  `donations`.* FROM `donations` LIMIT 1 OFFSET 0[0m
  Rendered donations/index.html.erb within layouts/application (18.5ms)
Completed 200 OK in 170ms (Views: 132.3ms | ActiveRecord: 3.4ms)


Started GET "/animals" for 127.0.0.1 at 2018-04-03 22:10:28 -0300
Processing by AnimalsController#index as HTML
  [1m[36mUser Load (0.6ms)[0m  [1m[34mSELECT  `users`.* FROM `users` WHERE `users`.`id` = 1 ORDER BY `users`.`id` ASC LIMIT 1[0m
  Rendering animals/index.html.erb within layouts/application
  [1m[36mAnimal Load (0.7ms)[0m  [1m[34mSELECT  `animals`.* FROM `animals` LIMIT 1 OFFSET 0[0m
  Rendered animals/index.html.erb within layouts/application (17.8ms)
Completed 200 OK in 150ms (Views: 128.3ms | ActiveRecord: 2.3ms)


Started GET "/vets" for 127.0.0.1 at 2018-04-03 22:10:28 -0300
Processing by VetsController#index as HTML
  [1m[36mUser Load (0.8ms)[0m  [1m[34mSELECT  `users`.* FROM `users` WHERE `users`.`id` = 1 ORDER BY `users`.`id` ASC LIMIT 1[0m
  Rendering vets/index.html.erb within layouts/application
  [1m[36mVet Load (0.6ms)[0m  [1m[34mSELECT  `vets`.* FROM `vets` LIMIT 1 OFFSET 0[0m
  Rendered vets/index.html.erb within layouts/application (15.0ms)
Completed 200 OK in 131ms (Views: 120.3ms | ActiveRecord: 2.3ms)


Started GET "/animal_histories" for 127.0.0.1 at 2018-04-03 22:10:29 -0300
Processing by AnimalHistoriesController#index as HTML
  [1m[36mUser Load (0.6ms)[0m  [1m[34mSELECT  `users`.* FROM `users` WHERE `users`.`id` = 1 ORDER BY `users`.`id` ASC LIMIT 1[0m
  Rendering animal_histories/index.html.erb within layouts/application
  [1m[36mAnimalHistory Load (0.5ms)[0m  [1m[34mSELECT  `animal_histories`.* FROM `animal_histories` LIMIT 1 OFFSET 0[0m
  Rendered animal_histories/index.html.erb within layouts/application (19.8ms)
Completed 200 OK in 131ms (Views: 119.8ms | ActiveRecord: 2.2ms)


Started GET "/donor_types" for 127.0.0.1 at 2018-04-03 22:10:29 -0300
Processing by DonorTypesController#index as HTML
  [1m[36mUser Load (0.6ms)[0m  [1m[34mSELECT  `users`.* FROM `users` WHERE `users`.`id` = 1 ORDER BY `users`.`id` ASC LIMIT 1[0m
  Rendering donor_types/index.html.erb within layouts/application
  [1m[36mDonorType Load (0.9ms)[0m  [1m[34mSELECT  `donor_types`.* FROM `donor_types` LIMIT 1 OFFSET 0[0m
  [1m[35m (0.5ms)[0m  [1m[34mSELECT COUNT(*) FROM `donor_types`[0m
  Rendered donor_types/index.html.erb within layouts/application (34.1ms)
Completed 200 OK in 150ms (Views: 134.5ms | ActiveRecord: 3.6ms)


Started GET "/donor_types?page=2" for 127.0.0.1 at 2018-04-03 22:23:07 -0300
Processing by DonorTypesController#index as HTML
  Parameters: {"page"=>"2"}
  [1m[36mUser Load (0.7ms)[0m  [1m[34mSELECT  `users`.* FROM `users` WHERE `users`.`id` = 1 ORDER BY `users`.`id` ASC LIMIT 1[0m
  Rendering donor_types/index.html.erb within layouts/application
  [1m[36mDonorType Load (0.5ms)[0m  [1m[34mSELECT  `donor_types`.* FROM `donor_types` LIMIT 1 OFFSET 1[0m
  [1m[35m (1.6ms)[0m  [1m[34mSELECT COUNT(*) FROM `donor_types`[0m
  Rendered donor_types/index.html.erb within layouts/application (20.4ms)
Completed 200 OK in 477ms (Views: 462.8ms | ActiveRecord: 2.8ms)


Started GET "/donations" for 127.0.0.1 at 2018-04-03 22:23:08 -0300
Processing by DonationsController#index as HTML
  [1m[36mUser Load (0.7ms)[0m  [1m[34mSELECT  `users`.* FROM `users` WHERE `users`.`id` = 1 ORDER BY `users`.`id` ASC LIMIT 1[0m
  Rendering donations/index.html.erb within layouts/application
  [1m[36mDonation Load (0.6ms)[0m  [1m[34mSELECT  `donations`.* FROM `donations` LIMIT 1 OFFSET 0[0m
  Rendered donations/index.html.erb within layouts/application (8.9ms)
Completed 200 OK in 102ms (Views: 94.5ms | ActiveRecord: 1.3ms)


Started GET "/animals" for 127.0.0.1 at 2018-04-03 22:23:09 -0300
Processing by AnimalsController#index as HTML
  [1m[36mUser Load (1.2ms)[0m  [1m[34mSELECT  `users`.* FROM `users` WHERE `users`.`id` = 1 ORDER BY `users`.`id` ASC LIMIT 1[0m
  Rendering animals/index.html.erb within layouts/application
  [1m[36mAnimal Load (0.5ms)[0m  [1m[34mSELECT  `animals`.* FROM `animals` LIMIT 1 OFFSET 0[0m
  Rendered animals/index.html.erb within layouts/application (15.9ms)
Completed 200 OK in 121ms (Views: 115.0ms | ActiveRecord: 1.6ms)


Started GET "/vets" for 127.0.0.1 at 2018-04-03 22:23:10 -0300
Processing by VetsController#index as HTML
  [1m[36mUser Load (0.7ms)[0m  [1m[34mSELECT  `users`.* FROM `users` WHERE `users`.`id` = 1 ORDER BY `users`.`id` ASC LIMIT 1[0m
  Rendering vets/index.html.erb within layouts/application
  [1m[36mVet Load (1.7ms)[0m  [1m[34mSELECT  `vets`.* FROM `vets` LIMIT 1 OFFSET 0[0m
  Rendered vets/index.html.erb within layouts/application (16.0ms)
Completed 200 OK in 124ms (Views: 114.4ms | ActiveRecord: 2.5ms)


Started GET "/animal_histories" for 127.0.0.1 at 2018-04-03 22:23:10 -0300
Processing by AnimalHistoriesController#index as HTML
  [1m[36mUser Load (0.5ms)[0m  [1m[34mSELECT  `users`.* FROM `users` WHERE `users`.`id` = 1 ORDER BY `users`.`id` ASC LIMIT 1[0m
  Rendering animal_histories/index.html.erb within layouts/application
  [1m[36mAnimalHistory Load (0.6ms)[0m  [1m[34mSELECT  `animal_histories`.* FROM `animal_histories` LIMIT 1 OFFSET 0[0m
  Rendered animal_histories/index.html.erb within layouts/application (15.2ms)
Completed 200 OK in 135ms (Views: 130.0ms | ActiveRecord: 1.1ms)


Started GET "/donor_types" for 127.0.0.1 at 2018-04-03 22:23:11 -0300
Processing by DonorTypesController#index as HTML
  [1m[36mUser Load (0.7ms)[0m  [1m[34mSELECT  `users`.* FROM `users` WHERE `users`.`id` = 1 ORDER BY `users`.`id` ASC LIMIT 1[0m
  Rendering donor_types/index.html.erb within layouts/application
  [1m[36mDonorType Load (0.6ms)[0m  [1m[34mSELECT  `donor_types`.* FROM `donor_types` LIMIT 1 OFFSET 0[0m
  [1m[35m (1.0ms)[0m  [1m[34mSELECT COUNT(*) FROM `donor_types`[0m
  Rendered donor_types/index.html.erb within layouts/application (30.6ms)
Completed 200 OK in 150ms (Views: 142.3ms | ActiveRecord: 2.2ms)


Started GET "/vets" for 127.0.0.1 at 2018-04-03 22:23:12 -0300
Processing by VetsController#index as HTML
  [1m[36mUser Load (3.0ms)[0m  [1m[34mSELECT  `users`.* FROM `users` WHERE `users`.`id` = 1 ORDER BY `users`.`id` ASC LIMIT 1[0m
  Rendering vets/index.html.erb within layouts/application
  [1m[36mVet Load (0.5ms)[0m  [1m[34mSELECT  `vets`.* FROM `vets` LIMIT 1 OFFSET 0[0m
  Rendered vets/index.html.erb within layouts/application (14.1ms)
Completed 200 OK in 121ms (Views: 105.0ms | ActiveRecord: 3.5ms)


Started GET "/vets/new" for 127.0.0.1 at 2018-04-03 22:23:14 -0300
Processing by VetsController#new as HTML
  [1m[36mUser Load (2.5ms)[0m  [1m[34mSELECT  `users`.* FROM `users` WHERE `users`.`id` = 1 ORDER BY `users`.`id` ASC LIMIT 1[0m
  Rendering vets/new.html.erb within layouts/application
  Rendered vets/_form.js.erb (1.5ms)
  Rendered vets/_form.html.erb (14.3ms)
  Rendered vets/new.html.erb within layouts/application (17.6ms)
Completed 200 OK in 445ms (Views: 105.8ms | ActiveRecord: 5.1ms)


Started GET "/animal_histories" for 127.0.0.1 at 2018-04-03 22:23:16 -0300
Processing by AnimalHistoriesController#index as HTML
  [1m[36mUser Load (0.6ms)[0m  [1m[34mSELECT  `users`.* FROM `users` WHERE `users`.`id` = 1 ORDER BY `users`.`id` ASC LIMIT 1[0m
  Rendering animal_histories/index.html.erb within layouts/application
  [1m[36mAnimalHistory Load (0.9ms)[0m  [1m[34mSELECT  `animal_histories`.* FROM `animal_histories` LIMIT 1 OFFSET 0[0m
  Rendered animal_histories/index.html.erb within layouts/application (23.1ms)
Completed 200 OK in 149ms (Views: 139.4ms | ActiveRecord: 1.4ms)


Started GET "/users" for 127.0.0.1 at 2018-04-03 22:23:52 -0300
Processing by UsersController#index as HTML
  [1m[36mUser Load (0.7ms)[0m  [1m[34mSELECT  `users`.* FROM `users` WHERE `users`.`id` = 1 ORDER BY `users`.`id` ASC LIMIT 1[0m
  Rendering users/index.html.erb within layouts/application
  [1m[36mUser Load (0.6ms)[0m  [1m[34mSELECT  `users`.* FROM `users` LIMIT 1 OFFSET 0[0m
  [1m[35m (0.4ms)[0m  [1m[34mSELECT COUNT(*) FROM `users`[0m
  Rendered users/index.html.erb within layouts/application (27.8ms)
Completed 200 OK in 161ms (Views: 149.6ms | ActiveRecord: 1.7ms)


Started GET "/users/new" for 127.0.0.1 at 2018-04-03 22:23:54 -0300
Processing by UsersController#new as HTML
  [1m[36mUser Load (0.6ms)[0m  [1m[34mSELECT  `users`.* FROM `users` WHERE `users`.`id` = 1 ORDER BY `users`.`id` ASC LIMIT 1[0m
  Rendering users/new.html.erb within layouts/application
  Rendered users/_form.js.erb (0.9ms)
  Rendered users/_form.html.erb (6.1ms)
  Rendered users/new.html.erb within layouts/application (8.6ms)
Completed 200 OK in 108ms (Views: 101.0ms | ActiveRecord: 0.6ms)


Started POST "/users" for 127.0.0.1 at 2018-04-03 22:24:01 -0300
Processing by Devise::RegistrationsController#create as HTML
  Parameters: {"utf8"=>"✓", "authenticity_token"=>"6L+E2Ly+s9a5OAbV8BbZWUJ2jzp4EwMayLZ/FsL39lF7iaMnjNWwjGekwHJkSwC2ozCZd3RF4On1C64ZvqbKzg==", "user"=>{"email"=>"caio@caio.com.br", "password"=>"[FILTERED]"}, "commit"=>"Create Usuário"}
  [1m[36mUser Load (0.5ms)[0m  [1m[34mSELECT  `users`.* FROM `users` WHERE `users`.`id` = 1 ORDER BY `users`.`id` ASC LIMIT 1[0m
Redirected to http://localhost:3000/
Filter chain halted as :require_no_authentication rendered or redirected
Completed 302 Found in 4ms (ActiveRecord: 0.5ms)


Started GET "/" for 127.0.0.1 at 2018-04-03 22:24:01 -0300
Processing by HomesController#index as HTML
  [1m[36mUser Load (0.7ms)[0m  [1m[34mSELECT  `users`.* FROM `users` WHERE `users`.`id` = 1 ORDER BY `users`.`id` ASC LIMIT 1[0m
  Rendering homes/index.html.erb within layouts/application
  Rendered homes/index.html.erb within layouts/application (0.6ms)
Completed 200 OK in 87ms (Views: 81.7ms | ActiveRecord: 0.7ms)


Started DELETE "/users/sign_out" for 127.0.0.1 at 2018-04-03 22:24:07 -0300
Processing by Devise::SessionsController#destroy as HTML
  Parameters: {"authenticity_token"=>"H3TpKxWSMZQaHIqx7wXto1+8tHpWm2H3cyuHQZWgSPs9ymJQ6dN7zFipmOESwUi/6rFmzwyLM1skJiU60YGThA=="}
  [1m[36mUser Load (0.6ms)[0m  [1m[34mSELECT  `users`.* FROM `users` WHERE `users`.`id` = 1 ORDER BY `users`.`id` ASC LIMIT 1[0m
  [1m[35m (0.4ms)[0m  [1m[35mBEGIN[0m
  [1m[35m (0.3ms)[0m  [1m[35mCOMMIT[0m
Redirected to http://localhost:3000/
Completed 302 Found in 34ms (ActiveRecord: 1.2ms)


Started GET "/" for 127.0.0.1 at 2018-04-03 22:24:07 -0300
Processing by HomesController#index as HTML
Completed 401 Unauthorized in 1ms (ActiveRecord: 0.0ms)


Started GET "/users/sign_in" for 127.0.0.1 at 2018-04-03 22:24:07 -0300
Processing by Devise::SessionsController#new as HTML
  Rendering devise/sessions/new.html.erb within layouts/devise
  Rendered devise/sessions/new.html.erb within layouts/devise (4.2ms)
Completed 200 OK in 96ms (Views: 94.5ms | ActiveRecord: 0.0ms)


Started POST "/users/sign_in" for 127.0.0.1 at 2018-04-03 22:24:13 -0300
Processing by Devise::SessionsController#create as HTML
  Parameters: {"utf8"=>"✓", "authenticity_token"=>"mFn6ZhX9WQMQEujNlr0dAQtpc8wOqnaK0L0OIK6F41aq4To11L7upLqQo+TJYoGwgcMNqBxM2dME81xIayiOew==", "user"=>{"email"=>"caio@caio.com.br", "password"=>"[FILTERED]"}, "commit"=>"Log in"}
  [1m[36mUser Load (0.8ms)[0m  [1m[34mSELECT  `users`.* FROM `users` WHERE `users`.`email` = 'caio@caio.com.br' ORDER BY `users`.`id` ASC LIMIT 1[0m
Completed 401 Unauthorized in 287ms (ActiveRecord: 0.8ms)


Processing by Devise::SessionsController#new as HTML
  Parameters: {"utf8"=>"✓", "authenticity_token"=>"mFn6ZhX9WQMQEujNlr0dAQtpc8wOqnaK0L0OIK6F41aq4To11L7upLqQo+TJYoGwgcMNqBxM2dME81xIayiOew==", "user"=>{"email"=>"caio@caio.com.br", "password"=>"[FILTERED]"}, "commit"=>"Log in"}
  Rendering devise/sessions/new.html.erb within layouts/devise
  Rendered devise/sessions/new.html.erb within layouts/devise (3.2ms)
Completed 200 OK in 370ms (Views: 91.3ms | ActiveRecord: 0.0ms)


Started POST "/users/sign_in" for 127.0.0.1 at 2018-04-03 22:24:17 -0300
Processing by Devise::SessionsController#create as HTML
  Parameters: {"utf8"=>"✓", "authenticity_token"=>"HVJbXFDYxZhfZ33iyO7kxndbQohWNvK1NiAWyUfAmEov6psPkZtyP/XlNsuXMXh3/fE87ETQXezibkShgm31Zw==", "user"=>{"email"=>"caio@caio.com.br", "password"=>"[FILTERED]"}, "commit"=>"Log in"}
  [1m[36mUser Load (0.7ms)[0m  [1m[34mSELECT  `users`.* FROM `users` WHERE `users`.`email` = 'caio@caio.com.br' ORDER BY `users`.`id` ASC LIMIT 1[0m
Completed 401 Unauthorized in 290ms (ActiveRecord: 0.7ms)


Processing by Devise::SessionsController#new as HTML
  Parameters: {"utf8"=>"✓", "authenticity_token"=>"HVJbXFDYxZhfZ33iyO7kxndbQohWNvK1NiAWyUfAmEov6psPkZtyP/XlNsuXMXh3/fE87ETQXezibkShgm31Zw==", "user"=>{"email"=>"caio@caio.com.br", "password"=>"[FILTERED]"}, "commit"=>"Log in"}
  Rendering devise/sessions/new.html.erb within layouts/devise
  Rendered devise/sessions/new.html.erb within layouts/devise (3.0ms)
Completed 200 OK in 391ms (Views: 90.8ms | ActiveRecord: 0.0ms)


Started POST "/users/sign_in" for 127.0.0.1 at 2018-04-03 22:24:29 -0300
Processing by Devise::SessionsController#create as HTML
  Parameters: {"utf8"=>"✓", "authenticity_token"=>"i4vLBxS1RH8HlDmlH0Jxco1D1a8UVV8aIJ/z6Zt+1aa5MwtU1fbz2K0WcoxAne3DB+mrywaz8EP00aGBXtO4iw==", "user"=>{"email"=>"caio@caio.com.br", "password"=>"[FILTERED]"}, "commit"=>"Log in"}
  [1m[36mUser Load (0.5ms)[0m  [1m[34mSELECT  `users`.* FROM `users` WHERE `users`.`email` = 'caio@caio.com.br' ORDER BY `users`.`id` ASC LIMIT 1[0m
  [1m[35m (0.4ms)[0m  [1m[35mBEGIN[0m
  [1m[35mSQL (0.6ms)[0m  [1m[33mUPDATE `users` SET `current_sign_in_at` = '2018-04-04 01:24:29', `sign_in_count` = 2, `updated_at` = '2018-04-04 01:24:29' WHERE `users`.`id` = 1[0m
  [1m[35m (44.9ms)[0m  [1m[35mCOMMIT[0m
Redirected to http://localhost:3000/
Completed 302 Found in 351ms (ActiveRecord: 46.5ms)


Started GET "/" for 127.0.0.1 at 2018-04-03 22:24:29 -0300
Processing by HomesController#index as HTML
  [1m[36mUser Load (0.7ms)[0m  [1m[34mSELECT  `users`.* FROM `users` WHERE `users`.`id` = 1 ORDER BY `users`.`id` ASC LIMIT 1[0m
  Rendering homes/index.html.erb within layouts/application
  Rendered homes/index.html.erb within layouts/application (0.7ms)
Completed 200 OK in 93ms (Views: 89.3ms | ActiveRecord: 0.7ms)


Started GET "/users" for 127.0.0.1 at 2018-04-03 22:24:32 -0300
Processing by UsersController#index as HTML
  [1m[36mUser Load (0.6ms)[0m  [1m[34mSELECT  `users`.* FROM `users` WHERE `users`.`id` = 1 ORDER BY `users`.`id` ASC LIMIT 1[0m
  Rendering users/index.html.erb within layouts/application
  [1m[36mUser Load (0.6ms)[0m  [1m[34mSELECT  `users`.* FROM `users` LIMIT 1 OFFSET 0[0m
  [1m[35m (0.4ms)[0m  [1m[34mSELECT COUNT(*) FROM `users`[0m
  Rendered users/index.html.erb within layouts/application (26.7ms)
Completed 200 OK in 116ms (Views: 109.4ms | ActiveRecord: 1.6ms)


Started GET "/users/new" for 127.0.0.1 at 2018-04-03 22:24:35 -0300
Processing by UsersController#new as HTML
  [1m[36mUser Load (0.5ms)[0m  [1m[34mSELECT  `users`.* FROM `users` WHERE `users`.`id` = 1 ORDER BY `users`.`id` ASC LIMIT 1[0m
  Rendering users/new.html.erb within layouts/application
  Rendered users/_form.js.erb (1.9ms)
  Rendered users/_form.html.erb (7.1ms)
  Rendered users/new.html.erb within layouts/application (12.1ms)
Completed 200 OK in 118ms (Views: 110.7ms | ActiveRecord: 0.5ms)


Started POST "/users" for 127.0.0.1 at 2018-04-03 22:24:51 -0300
Processing by Devise::RegistrationsController#create as HTML
  Parameters: {"utf8"=>"✓", "authenticity_token"=>"ZxFHCUG9lfXNJkDpqd6r1o8NOwl/4uhutlQPC8plxL6vIqUS+Ht4s1mDlbXapA/6MVOz78ZcqZm/zkflegXxtg==", "user"=>{"email"=>"caio@test.com.br", "password"=>"[FILTERED]"}, "commit"=>"Create Usuário"}
  [1m[36mUser Load (1.1ms)[0m  [1m[34mSELECT  `users`.* FROM `users` WHERE `users`.`id` = 1 ORDER BY `users`.`id` ASC LIMIT 1[0m
Redirected to http://localhost:3000/
Filter chain halted as :require_no_authentication rendered or redirected
Completed 302 Found in 6ms (ActiveRecord: 1.1ms)


Started GET "/" for 127.0.0.1 at 2018-04-03 22:24:51 -0300
Processing by HomesController#index as HTML
  [1m[36mUser Load (0.7ms)[0m  [1m[34mSELECT  `users`.* FROM `users` WHERE `users`.`id` = 1 ORDER BY `users`.`id` ASC LIMIT 1[0m
  Rendering homes/index.html.erb within layouts/application
  Rendered homes/index.html.erb within layouts/application (0.6ms)
Completed 200 OK in 101ms (Views: 95.1ms | ActiveRecord: 0.7ms)


Started DELETE "/users/sign_out" for 127.0.0.1 at 2018-04-03 22:24:53 -0300
Processing by Devise::SessionsController#destroy as HTML
  Parameters: {"authenticity_token"=>"mReRgoPH/w9lezG6ipP7VJ9hHaepi0noy1uz+4TRbPkx1jdezsIRgCHYr+DiEULbSWaQ8ualdvP7gBeLkt8ClQ=="}
  [1m[36mUser Load (0.8ms)[0m  [1m[34mSELECT  `users`.* FROM `users` WHERE `users`.`id` = 1 ORDER BY `users`.`id` ASC LIMIT 1[0m
  [1m[35m (0.2ms)[0m  [1m[35mBEGIN[0m
  [1m[35m (0.3ms)[0m  [1m[35mCOMMIT[0m
Redirected to http://localhost:3000/
Completed 302 Found in 20ms (ActiveRecord: 1.3ms)


Started GET "/" for 127.0.0.1 at 2018-04-03 22:24:53 -0300
Processing by HomesController#index as HTML
Completed 401 Unauthorized in 1ms (ActiveRecord: 0.0ms)


Started GET "/users/sign_in" for 127.0.0.1 at 2018-04-03 22:24:53 -0300
Processing by Devise::SessionsController#new as HTML
  Rendering devise/sessions/new.html.erb within layouts/devise
  Rendered devise/sessions/new.html.erb within layouts/devise (4.9ms)
Completed 200 OK in 102ms (Views: 100.6ms | ActiveRecord: 0.0ms)


Started POST "/users/sign_in" for 127.0.0.1 at 2018-04-03 22:24:58 -0300
Processing by Devise::SessionsController#create as HTML
  Parameters: {"utf8"=>"✓", "authenticity_token"=>"zHTnptmj5bE4Gim9f0tpZWbXfqFBk+XEINd0QFvIxYxP0xDwoOk3V+i78VciGcga9qa3HkWowqnodbP3edQKcA==", "user"=>{"email"=>"caio@test.com.br", "password"=>"[FILTERED]"}, "commit"=>"Log in"}
  [1m[36mUser Load (5.7ms)[0m  [1m[34mSELECT  `users`.* FROM `users` WHERE `users`.`email` = 'caio@test.com.br' ORDER BY `users`.`id` ASC LIMIT 1[0m
Completed 401 Unauthorized in 11ms (ActiveRecord: 5.7ms)


Processing by Devise::SessionsController#new as HTML
  Parameters: {"utf8"=>"✓", "authenticity_token"=>"zHTnptmj5bE4Gim9f0tpZWbXfqFBk+XEINd0QFvIxYxP0xDwoOk3V+i78VciGcga9qa3HkWowqnodbP3edQKcA==", "user"=>{"email"=>"caio@test.com.br", "password"=>"[FILTERED]"}, "commit"=>"Log in"}
  Rendering devise/sessions/new.html.erb within layouts/devise
  Rendered devise/sessions/new.html.erb within layouts/devise (3.9ms)
Completed 200 OK in 370ms (Views: 88.7ms | ActiveRecord: 0.0ms)


Started POST "/users/sign_in" for 127.0.0.1 at 2018-04-03 22:25:09 -0300
Processing by Devise::SessionsController#create as HTML
  Parameters: {"utf8"=>"✓", "authenticity_token"=>"IeLlYCWIE1fc0+TSAbjfFmXPdnm/Sak0tNUCR0+62KmiRRI2XMLBsQxyPDhc6n5p9b6/xrtyjll8d8XwbaYXVQ==", "user"=>{"email"=>"caio@caio.com.br", "password"=>"[FILTERED]"}, "commit"=>"Log in"}
  [1m[36mUser Load (0.5ms)[0m  [1m[34mSELECT  `users`.* FROM `users` WHERE `users`.`email` = 'caio@caio.com.br' ORDER BY `users`.`id` ASC LIMIT 1[0m
  [1m[35m (0.3ms)[0m  [1m[35mBEGIN[0m
  [1m[35mSQL (0.7ms)[0m  [1m[33mUPDATE `users` SET `current_sign_in_at` = '2018-04-04 01:25:09', `last_sign_in_at` = '2018-04-04 01:24:29', `sign_in_count` = 3, `updated_at` = '2018-04-04 01:25:09' WHERE `users`.`id` = 1[0m
  [1m[35m (46.3ms)[0m  [1m[35mCOMMIT[0m
Redirected to http://localhost:3000/
Completed 302 Found in 347ms (ActiveRecord: 47.8ms)


Started GET "/" for 127.0.0.1 at 2018-04-03 22:25:09 -0300
Processing by HomesController#index as HTML
  [1m[36mUser Load (0.7ms)[0m  [1m[34mSELECT  `users`.* FROM `users` WHERE `users`.`id` = 1 ORDER BY `users`.`id` ASC LIMIT 1[0m
  Rendering homes/index.html.erb within layouts/application
  Rendered homes/index.html.erb within layouts/application (0.5ms)
Completed 200 OK in 111ms (Views: 106.3ms | ActiveRecord: 0.7ms)


Started DELETE "/users/sign_out" for 127.0.0.1 at 2018-04-03 22:34:37 -0300
Processing by Devise::SessionsController#destroy as HTML
  Parameters: {"authenticity_token"=>"5g4CN/LgbdQXxdD19bbKasLoJ40/CDcCiUElrshEyoADLIKGCwRY0IXVx5TQKu73SekUn5tfX/E2KlztO7UHwg=="}
  [1m[36mUser Load (0.6ms)[0m  [1m[34mSELECT  `users`.* FROM `users` WHERE `users`.`id` = 1 ORDER BY `users`.`id` ASC LIMIT 1[0m
  [1m[35m (2.0ms)[0m  [1m[35mBEGIN[0m
  [1m[35m (0.4ms)[0m  [1m[35mCOMMIT[0m
Redirected to http://localhost:3000/
Completed 302 Found in 18ms (ActiveRecord: 3.1ms)


Started GET "/" for 127.0.0.1 at 2018-04-03 22:34:37 -0300
Processing by HomesController#index as HTML
Completed 401 Unauthorized in 1ms (ActiveRecord: 0.0ms)


Started GET "/users/sign_in" for 127.0.0.1 at 2018-04-03 22:34:37 -0300
Processing by Devise::SessionsController#new as HTML
  Rendering devise/sessions/new.html.erb within layouts/devise
  Rendered devise/sessions/new.html.erb within layouts/devise (4.7ms)
Completed 200 OK in 158ms (Views: 156.2ms | ActiveRecord: 0.0ms)


Started GET "/" for 127.0.0.1 at 2018-05-08 19:52:11 -0300
  [1m[35m (55.7ms)[0m  [1m[35mSET NAMES utf8,  @@SESSION.sql_mode = CONCAT(CONCAT(@@sql_mode, ',STRICT_ALL_TABLES'), ',NO_AUTO_VALUE_ON_ZERO'),  @@SESSION.sql_auto_is_null = 0, @@SESSION.wait_timeout = 2147483[0m
  [1m[35m (0.5ms)[0m  [1m[34mSELECT `schema_migrations`.`version` FROM `schema_migrations` ORDER BY `schema_migrations`.`version` ASC[0m
Processing by HomesController#index as HTML
Completed 401 Unauthorized in 26ms (ActiveRecord: 0.0ms)


Started GET "/users/sign_in" for 127.0.0.1 at 2018-05-08 19:52:11 -0300
Processing by Devise::SessionsController#new as HTML
  Rendering devise/sessions/new.html.erb within layouts/devise
  Rendered devise/sessions/new.html.erb within layouts/devise (55.7ms)
Completed 200 OK in 2858ms (Views: 2737.3ms | ActiveRecord: 23.7ms)


Started POST "/users/sign_in" for 127.0.0.1 at 2018-05-08 19:52:32 -0300
Processing by Devise::SessionsController#create as HTML
  Parameters: {"utf8"=>"✓", "authenticity_token"=>"OT6/Nz1qr5+EnaarniRjwEYn51jq4qHkhy0732YG665BVOx/lRJ0jT8ZT3xDUvfTF3vZymVNa9MmqPrMpJtdmQ==", "user"=>{"email"=>"caio@caio.com.br", "password"=>"[FILTERED]"}, "commit"=>"Log in"}
  [1m[36mUser Load (1.1ms)[0m  [1m[34mSELECT  `users`.* FROM `users` WHERE `users`.`email` = 'caio@caio.com.br' ORDER BY `users`.`id` ASC LIMIT 1[0m
Completed 401 Unauthorized in 464ms (ActiveRecord: 1.1ms)


Processing by Devise::SessionsController#new as HTML
  Parameters: {"utf8"=>"✓", "authenticity_token"=>"OT6/Nz1qr5+EnaarniRjwEYn51jq4qHkhy0732YG665BVOx/lRJ0jT8ZT3xDUvfTF3vZymVNa9MmqPrMpJtdmQ==", "user"=>{"email"=>"caio@caio.com.br", "password"=>"[FILTERED]"}, "commit"=>"Log in"}
  Rendering devise/sessions/new.html.erb within layouts/devise
  Rendered devise/sessions/new.html.erb within layouts/devise (5.5ms)
Completed 200 OK in 440ms (Views: 162.6ms | ActiveRecord: 0.0ms)


Started POST "/users/sign_in" for 127.0.0.1 at 2018-05-08 19:52:40 -0300
Processing by Devise::SessionsController#create as HTML
  Parameters: {"utf8"=>"✓", "authenticity_token"=>"aFWRQuVxSs+xXaq58lucf9aAvKaLKDT3zlbMXTCDBvwQP8IKTQmR3QrZQ24vLQhsh9yCNASH/sBv0w1O8h6wyw==", "user"=>{"email"=>"caio@caio.com.br", "password"=>"[FILTERED]"}, "commit"=>"Log in"}
  [1m[36mUser Load (0.7ms)[0m  [1m[34mSELECT  `users`.* FROM `users` WHERE `users`.`email` = 'caio@caio.com.br' ORDER BY `users`.`id` ASC LIMIT 1[0m
Completed 401 Unauthorized in 299ms (ActiveRecord: 0.7ms)


Processing by Devise::SessionsController#new as HTML
  Parameters: {"utf8"=>"✓", "authenticity_token"=>"aFWRQuVxSs+xXaq58lucf9aAvKaLKDT3zlbMXTCDBvwQP8IKTQmR3QrZQ24vLQhsh9yCNASH/sBv0w1O8h6wyw==", "user"=>{"email"=>"caio@caio.com.br", "password"=>"[FILTERED]"}, "commit"=>"Log in"}
  Rendering devise/sessions/new.html.erb within layouts/devise
  Rendered devise/sessions/new.html.erb within layouts/devise (3.8ms)
Completed 200 OK in 396ms (Views: 117.3ms | ActiveRecord: 0.0ms)


Started POST "/users/sign_in" for 127.0.0.1 at 2018-05-08 19:52:48 -0300
Processing by Devise::SessionsController#create as HTML
  Parameters: {"utf8"=>"✓", "authenticity_token"=>"adz+UGKJOx93sPZKjNPSgXBUmeE+yVVxYsXmP9ggjZERtq0YyvHgDcw0H51RpUaSIQinc7Fmn0bDQCcsGr07pg==", "user"=>{"email"=>"caio@caio.com.br", "password"=>"[FILTERED]"}, "commit"=>"Log in"}
  [1m[36mUser Load (0.6ms)[0m  [1m[34mSELECT  `users`.* FROM `users` WHERE `users`.`email` = 'caio@caio.com.br' ORDER BY `users`.`id` ASC LIMIT 1[0m
Completed 401 Unauthorized in 290ms (ActiveRecord: 0.6ms)


Processing by Devise::SessionsController#new as HTML
  Parameters: {"utf8"=>"✓", "authenticity_token"=>"adz+UGKJOx93sPZKjNPSgXBUmeE+yVVxYsXmP9ggjZERtq0YyvHgDcw0H51RpUaSIQinc7Fmn0bDQCcsGr07pg==", "user"=>{"email"=>"caio@caio.com.br", "password"=>"[FILTERED]"}, "commit"=>"Log in"}
  Rendering devise/sessions/new.html.erb within layouts/devise
  Rendered devise/sessions/new.html.erb within layouts/devise (3.2ms)
Completed 200 OK in 385ms (Views: 107.8ms | ActiveRecord: 0.0ms)


Started POST "/users/sign_in" for 127.0.0.1 at 2018-05-08 19:54:00 -0300
Processing by Devise::SessionsController#create as HTML
  Parameters: {"utf8"=>"✓", "authenticity_token"=>"wlGn3cYH3DPPlFINf+O9MYIIC7DDL9JzprYOQ936RdK6O/SVbn8HIXQQu9qilSki01Q1IkyAGEQHM89QH2fz5Q==", "user"=>{"email"=>"caio@caio.com.br", "password"=>"[FILTERED]"}, "commit"=>"Log in"}
  [1m[36mUser Load (0.6ms)[0m  [1m[34mSELECT  `users`.* FROM `users` WHERE `users`.`email` = 'caio@caio.com.br' ORDER BY `users`.`id` ASC LIMIT 1[0m
  [1m[35m (0.2ms)[0m  [1m[35mBEGIN[0m
  [1m[35mSQL (51.6ms)[0m  [1m[33mUPDATE `users` SET `current_sign_in_at` = '2018-05-08 22:54:01', `last_sign_in_at` = '2018-04-04 01:25:09', `sign_in_count` = 4, `updated_at` = '2018-05-08 22:54:01' WHERE `users`.`id` = 1[0m
  [1m[35m (41.5ms)[0m  [1m[35mCOMMIT[0m
Redirected to http://0.0.0.0:3000/
Completed 302 Found in 454ms (ActiveRecord: 93.9ms)


Started GET "/" for 127.0.0.1 at 2018-05-08 19:54:01 -0300
Processing by HomesController#index as HTML
  [1m[36mUser Load (0.5ms)[0m  [1m[34mSELECT  `users`.* FROM `users` WHERE `users`.`id` = 1 ORDER BY `users`.`id` ASC LIMIT 1[0m
  Rendering homes/index.html.erb within layouts/application
  Rendered homes/index.html.erb within layouts/application (0.6ms)
Completed 200 OK in 133ms (Views: 113.9ms | ActiveRecord: 0.5ms)


Started GET "/" for 127.0.0.1 at 2018-05-08 19:54:05 -0300
Processing by HomesController#index as HTML
  [1m[36mUser Load (0.5ms)[0m  [1m[34mSELECT  `users`.* FROM `users` WHERE `users`.`id` = 1 ORDER BY `users`.`id` ASC LIMIT 1[0m
  Rendering homes/index.html.erb within layouts/application
  Rendered homes/index.html.erb within layouts/application (0.6ms)
Completed 200 OK in 100ms (Views: 96.1ms | ActiveRecord: 0.5ms)


Started GET "/users" for 127.0.0.1 at 2018-05-08 19:54:06 -0300
Processing by UsersController#index as HTML
  [1m[36mUser Load (0.6ms)[0m  [1m[34mSELECT  `users`.* FROM `users` WHERE `users`.`id` = 1 ORDER BY `users`.`id` ASC LIMIT 1[0m
  Rendering users/index.html.erb within layouts/application
  [1m[36mUser Load (0.6ms)[0m  [1m[34mSELECT  `users`.* FROM `users` LIMIT 1 OFFSET 0[0m
  [1m[35m (11.2ms)[0m  [1m[34mSELECT COUNT(*) FROM `users`[0m
  Rendered users/index.html.erb within layouts/application (72.6ms)
Completed 200 OK in 207ms (Views: 186.9ms | ActiveRecord: 12.4ms)


Started GET "/donations" for 127.0.0.1 at 2018-05-08 19:54:09 -0300
Processing by DonationsController#index as HTML
  [1m[36mUser Load (0.6ms)[0m  [1m[34mSELECT  `users`.* FROM `users` WHERE `users`.`id` = 1 ORDER BY `users`.`id` ASC LIMIT 1[0m
  Rendering donations/index.html.erb within layouts/application
  [1m[36mDonation Load (16.1ms)[0m  [1m[34mSELECT  `donations`.* FROM `donations` LIMIT 1 OFFSET 0[0m
  Rendered donations/index.html.erb within layouts/application (33.4ms)
Completed 200 OK in 204ms (Views: 119.8ms | ActiveRecord: 17.6ms)


Started GET "/animals" for 127.0.0.1 at 2018-05-08 19:54:10 -0300
Processing by AnimalsController#index as HTML
  [1m[36mUser Load (0.6ms)[0m  [1m[34mSELECT  `users`.* FROM `users` WHERE `users`.`id` = 1 ORDER BY `users`.`id` ASC LIMIT 1[0m
  Rendering animals/index.html.erb within layouts/application
  [1m[36mAnimal Load (9.5ms)[0m  [1m[34mSELECT  `animals`.* FROM `animals` LIMIT 1 OFFSET 0[0m
  Rendered animals/index.html.erb within layouts/application (23.3ms)
Completed 200 OK in 169ms (Views: 136.5ms | ActiveRecord: 10.9ms)


Started GET "/vets" for 127.0.0.1 at 2018-05-08 19:54:11 -0300
Processing by VetsController#index as HTML
  [1m[36mUser Load (0.5ms)[0m  [1m[34mSELECT  `users`.* FROM `users` WHERE `users`.`id` = 1 ORDER BY `users`.`id` ASC LIMIT 1[0m
  Rendering vets/index.html.erb within layouts/application
  [1m[36mVet Load (15.4ms)[0m  [1m[34mSELECT  `vets`.* FROM `vets` LIMIT 1 OFFSET 0[0m
  Rendered vets/index.html.erb within layouts/application (31.0ms)
Completed 200 OK in 186ms (Views: 124.9ms | ActiveRecord: 17.5ms)


Started GET "/animal_histories" for 127.0.0.1 at 2018-05-08 19:54:12 -0300
Processing by AnimalHistoriesController#index as HTML
  [1m[36mUser Load (0.8ms)[0m  [1m[34mSELECT  `users`.* FROM `users` WHERE `users`.`id` = 1 ORDER BY `users`.`id` ASC LIMIT 1[0m
  Rendering animal_histories/index.html.erb within layouts/application
  [1m[36mAnimalHistory Load (1.4ms)[0m  [1m[34mSELECT  `animal_histories`.* FROM `animal_histories` LIMIT 1 OFFSET 0[0m
  Rendered animal_histories/index.html.erb within layouts/application (14.3ms)
Completed 200 OK in 151ms (Views: 134.4ms | ActiveRecord: 3.1ms)


Started GET "/donor_types" for 127.0.0.1 at 2018-05-08 19:54:13 -0300
Processing by DonorTypesController#index as HTML
  [1m[36mUser Load (0.5ms)[0m  [1m[34mSELECT  `users`.* FROM `users` WHERE `users`.`id` = 1 ORDER BY `users`.`id` ASC LIMIT 1[0m
  Rendering donor_types/index.html.erb within layouts/application
  [1m[36mDonorType Load (14.9ms)[0m  [1m[34mSELECT  `donor_types`.* FROM `donor_types` LIMIT 1 OFFSET 0[0m
  [1m[35m (0.5ms)[0m  [1m[34mSELECT COUNT(*) FROM `donor_types`[0m
  Rendered donor_types/index.html.erb within layouts/application (54.3ms)
Completed 200 OK in 185ms (Views: 136.8ms | ActiveRecord: 17.6ms)


Started GET "/users" for 127.0.0.1 at 2018-05-08 19:55:28 -0300
Processing by UsersController#index as HTML
  [1m[36mUser Load (0.5ms)[0m  [1m[34mSELECT  `users`.* FROM `users` WHERE `users`.`id` = 1 ORDER BY `users`.`id` ASC LIMIT 1[0m
  Rendering users/index.html.erb within layouts/application
  [1m[36mUser Load (0.6ms)[0m  [1m[34mSELECT  `users`.* FROM `users` LIMIT 1 OFFSET 0[0m
  [1m[35m (0.5ms)[0m  [1m[34mSELECT COUNT(*) FROM `users`[0m
  Rendered users/index.html.erb within layouts/application (42.4ms)
Completed 200 OK in 196ms (Views: 190.5ms | ActiveRecord: 1.6ms)


Started GET "/donations" for 127.0.0.1 at 2018-05-08 19:55:28 -0300
Processing by DonationsController#index as HTML
  [1m[36mUser Load (8.4ms)[0m  [1m[34mSELECT  `users`.* FROM `users` WHERE `users`.`id` = 1 ORDER BY `users`.`id` ASC LIMIT 1[0m
  Rendering donations/index.html.erb within layouts/application
  [1m[36mDonation Load (1.1ms)[0m  [1m[34mSELECT  `donations`.* FROM `donations` LIMIT 1 OFFSET 0[0m
  Rendered donations/index.html.erb within layouts/application (12.8ms)
Completed 200 OK in 153ms (Views: 138.7ms | ActiveRecord: 9.5ms)


Started GET "/animals" for 127.0.0.1 at 2018-05-08 19:55:29 -0300
Processing by AnimalsController#index as HTML
  [1m[36mUser Load (5.1ms)[0m  [1m[34mSELECT  `users`.* FROM `users` WHERE `users`.`id` = 1 ORDER BY `users`.`id` ASC LIMIT 1[0m
  Rendering animals/index.html.erb within layouts/application
  [1m[36mAnimal Load (0.5ms)[0m  [1m[34mSELECT  `animals`.* FROM `animals` LIMIT 1 OFFSET 0[0m
  Rendered animals/index.html.erb within layouts/application (9.2ms)
Completed 200 OK in 148ms (Views: 132.9ms | ActiveRecord: 5.6ms)


Started GET "/animal_histories" for 127.0.0.1 at 2018-05-08 19:55:29 -0300
Processing by AnimalHistoriesController#index as HTML
  [1m[36mUser Load (1.9ms)[0m  [1m[34mSELECT  `users`.* FROM `users` WHERE `users`.`id` = 1 ORDER BY `users`.`id` ASC LIMIT 1[0m
  Rendering animal_histories/index.html.erb within layouts/application
  [1m[36mAnimalHistory Load (0.5ms)[0m  [1m[34mSELECT  `animal_histories`.* FROM `animal_histories` LIMIT 1 OFFSET 0[0m
  Rendered animal_histories/index.html.erb within layouts/application (13.2ms)
Completed 200 OK in 155ms (Views: 141.4ms | ActiveRecord: 2.4ms)


Started GET "/animal_histories" for 127.0.0.1 at 2018-05-08 19:55:29 -0300
Processing by AnimalHistoriesController#index as HTML
  [1m[36mUser Load (0.7ms)[0m  [1m[34mSELECT  `users`.* FROM `users` WHERE `users`.`id` = 1 ORDER BY `users`.`id` ASC LIMIT 1[0m
  Rendering animal_histories/index.html.erb within layouts/application
  [1m[36mAnimalHistory Load (0.5ms)[0m  [1m[34mSELECT  `animal_histories`.* FROM `animal_histories` LIMIT 1 OFFSET 0[0m
  Rendered animal_histories/index.html.erb within layouts/application (19.3ms)
Completed 200 OK in 159ms (Views: 146.1ms | ActiveRecord: 1.1ms)


Started GET "/donor_types" for 127.0.0.1 at 2018-05-08 19:55:30 -0300
Processing by DonorTypesController#index as HTML
  [1m[36mUser Load (0.6ms)[0m  [1m[34mSELECT  `users`.* FROM `users` WHERE `users`.`id` = 1 ORDER BY `users`.`id` ASC LIMIT 1[0m
  Rendering donor_types/index.html.erb within layouts/application
  [1m[36mDonorType Load (0.5ms)[0m  [1m[34mSELECT  `donor_types`.* FROM `donor_types` LIMIT 1 OFFSET 0[0m
  [1m[35m (0.5ms)[0m  [1m[34mSELECT COUNT(*) FROM `donor_types`[0m
  Rendered donor_types/index.html.erb within layouts/application (32.2ms)
Completed 200 OK in 157ms (Views: 147.4ms | ActiveRecord: 1.5ms)


Started DELETE "/users/sign_out" for 127.0.0.1 at 2018-05-08 19:55:30 -0300
Processing by Devise::SessionsController#destroy as HTML
  Parameters: {"authenticity_token"=>"3EWUMJq4GtpV/hJpV0v8xjFVjDcCwFf8jp4lNgXCX2yTlt099DiQkVEaTyNnJjZXDtInnvmHOJn1bHrQk+Ohhg=="}
  [1m[36mUser Load (0.6ms)[0m  [1m[34mSELECT  `users`.* FROM `users` WHERE `users`.`id` = 1 ORDER BY `users`.`id` ASC LIMIT 1[0m
  [1m[35m (0.3ms)[0m  [1m[35mBEGIN[0m
  [1m[35m (0.3ms)[0m  [1m[35mCOMMIT[0m
Redirected to http://0.0.0.0:3000/
Completed 302 Found in 70ms (ActiveRecord: 1.2ms)


Started GET "/" for 127.0.0.1 at 2018-05-08 19:55:31 -0300
Processing by HomesController#index as HTML
Completed 401 Unauthorized in 1ms (ActiveRecord: 0.0ms)


Started GET "/users/sign_in" for 127.0.0.1 at 2018-05-08 19:55:31 -0300
Processing by Devise::SessionsController#new as HTML
  Rendering devise/sessions/new.html.erb within layouts/devise
  Rendered devise/sessions/new.html.erb within layouts/devise (4.6ms)
Completed 200 OK in 119ms (Views: 117.3ms | ActiveRecord: 0.0ms)


Started GET "/vets" for 127.0.0.1 at 2018-05-08 19:55:35 -0300
Processing by VetsController#index as HTML
Completed 401 Unauthorized in 1ms (ActiveRecord: 0.0ms)


Started GET "/users/sign_in" for 127.0.0.1 at 2018-05-08 19:55:35 -0300
Processing by Devise::SessionsController#new as HTML
  Rendering devise/sessions/new.html.erb within layouts/devise
  Rendered devise/sessions/new.html.erb within layouts/devise (4.2ms)
Completed 200 OK in 91ms (Views: 89.9ms | ActiveRecord: 0.0ms)


Started POST "/users/sign_in" for 127.0.0.1 at 2018-05-08 19:55:43 -0300
Processing by Devise::SessionsController#create as HTML
  Parameters: {"utf8"=>"✓", "authenticity_token"=>"enWZcPfgVmUsBeAyZjGy4JpOTunzGYohbvtyGdZLcq25FfCLOAnNh94FhiKbyhwjN3cwmo51K/i+FeDNicZ5Yg==", "user"=>{"email"=>"caio@caio.com.br", "password"=>"[FILTERED]"}, "commit"=>"Log in"}
  [1m[36mUser Load (0.7ms)[0m  [1m[34mSELECT  `users`.* FROM `users` WHERE `users`.`email` = 'caio@caio.com.br' ORDER BY `users`.`id` ASC LIMIT 1[0m
  [1m[35m (0.3ms)[0m  [1m[35mBEGIN[0m
  [1m[35mSQL (0.8ms)[0m  [1m[33mUPDATE `users` SET `current_sign_in_at` = '2018-05-08 22:55:43', `last_sign_in_at` = '2018-05-08 22:54:01', `sign_in_count` = 5, `updated_at` = '2018-05-08 22:55:43' WHERE `users`.`id` = 1[0m
  [1m[35m (70.1ms)[0m  [1m[35mCOMMIT[0m
Redirected to http://0.0.0.0:3000/vets
Completed 302 Found in 379ms (ActiveRecord: 71.9ms)


Started GET "/vets" for 127.0.0.1 at 2018-05-08 19:55:44 -0300
Processing by VetsController#index as HTML
  [1m[36mUser Load (0.7ms)[0m  [1m[34mSELECT  `users`.* FROM `users` WHERE `users`.`id` = 1 ORDER BY `users`.`id` ASC LIMIT 1[0m
  Rendering vets/index.html.erb within layouts/application
  [1m[36mVet Load (1.0ms)[0m  [1m[34mSELECT  `vets`.* FROM `vets` LIMIT 1 OFFSET 0[0m
  Rendered vets/index.html.erb within layouts/application (10.0ms)
Completed 200 OK in 124ms (Views: 117.9ms | ActiveRecord: 1.6ms)


Started GET "/" for 127.0.0.1 at 2018-05-09 08:48:08 -0300
  [1m[35m (86.8ms)[0m  [1m[35mSET NAMES utf8,  @@SESSION.sql_mode = CONCAT(CONCAT(@@sql_mode, ',STRICT_ALL_TABLES'), ',NO_AUTO_VALUE_ON_ZERO'),  @@SESSION.sql_auto_is_null = 0, @@SESSION.wait_timeout = 2147483[0m
  [1m[35m (0.8ms)[0m  [1m[34mSELECT `schema_migrations`.`version` FROM `schema_migrations` ORDER BY `schema_migrations`.`version` ASC[0m
Processing by HomesController#index as HTML
  [1m[36mUser Load (0.7ms)[0m  [1m[34mSELECT  `users`.* FROM `users` WHERE `users`.`id` = 1 ORDER BY `users`.`id` ASC LIMIT 1[0m
  Rendering homes/index.html.erb within layouts/application
  Rendered homes/index.html.erb within layouts/application (3.7ms)
Completed 200 OK in 3492ms (Views: 3355.7ms | ActiveRecord: 28.8ms)


Started GET "/users" for 127.0.0.1 at 2018-05-09 08:48:16 -0300
Processing by UsersController#index as HTML
  [1m[36mUser Load (0.6ms)[0m  [1m[34mSELECT  `users`.* FROM `users` WHERE `users`.`id` = 1 ORDER BY `users`.`id` ASC LIMIT 1[0m
  Rendering users/index.html.erb within layouts/application
  [1m[36mUser Load (0.5ms)[0m  [1m[34mSELECT  `users`.* FROM `users` LIMIT 1 OFFSET 0[0m
  [1m[35m (22.5ms)[0m  [1m[34mSELECT COUNT(*) FROM `users`[0m
  Rendered users/index.html.erb within layouts/application (274.7ms)
Completed 200 OK in 423ms (Views: 341.9ms | ActiveRecord: 23.6ms)


Started GET "/donations" for 127.0.0.1 at 2018-05-09 08:48:32 -0300
Processing by DonationsController#index as HTML
  [1m[36mUser Load (0.7ms)[0m  [1m[34mSELECT  `users`.* FROM `users` WHERE `users`.`id` = 1 ORDER BY `users`.`id` ASC LIMIT 1[0m
  Rendering donations/index.html.erb within layouts/application
  [1m[36mDonation Load (17.1ms)[0m  [1m[34mSELECT  `donations`.* FROM `donations` LIMIT 1 OFFSET 0[0m
  Rendered donations/index.html.erb within layouts/application (34.3ms)
Completed 200 OK in 206ms (Views: 103.4ms | ActiveRecord: 19.1ms)


Started GET "/donations/new" for 127.0.0.1 at 2018-05-09 08:48:34 -0300
Processing by DonationsController#new as HTML
  [1m[36mUser Load (1.3ms)[0m  [1m[34mSELECT  `users`.* FROM `users` WHERE `users`.`id` = 1 ORDER BY `users`.`id` ASC LIMIT 1[0m
  Rendering donations/new.html.erb within layouts/application
  [1m[36mDonorType Load (19.5ms)[0m  [1m[34mSELECT `donor_types`.* FROM `donor_types`[0m
  [1m[36mAnimal Load (7.9ms)[0m  [1m[34mSELECT `animals`.* FROM `animals`[0m
  Rendered donations/_form.js.erb (1.2ms)
  Rendered donations/_form.html.erb (108.0ms)
  Rendered donations/new.html.erb within layouts/application (122.6ms)
Completed 200 OK in 248ms (Views: 178.8ms | ActiveRecord: 33.3ms)


Started GET "/animals" for 127.0.0.1 at 2018-05-09 08:48:54 -0300
Processing by AnimalsController#index as HTML
  [1m[36mUser Load (0.5ms)[0m  [1m[34mSELECT  `users`.* FROM `users` WHERE `users`.`id` = 1 ORDER BY `users`.`id` ASC LIMIT 1[0m
  Rendering animals/index.html.erb within layouts/application
  [1m[36mAnimal Load (0.5ms)[0m  [1m[34mSELECT  `animals`.* FROM `animals` LIMIT 1 OFFSET 0[0m
  Rendered animals/index.html.erb within layouts/application (23.3ms)
Completed 200 OK in 138ms (Views: 108.1ms | ActiveRecord: 1.1ms)


Started GET "/animals/new" for 127.0.0.1 at 2018-05-09 08:48:55 -0300
Processing by AnimalsController#new as HTML
  [1m[36mUser Load (0.6ms)[0m  [1m[34mSELECT  `users`.* FROM `users` WHERE `users`.`id` = 1 ORDER BY `users`.`id` ASC LIMIT 1[0m
  Rendering animals/new.html.erb within layouts/application
  Rendered animals/_form.js.erb (1.5ms)
  Rendered animals/_form.html.erb (34.2ms)
  Rendered animals/new.html.erb within layouts/application (37.2ms)
Completed 200 OK in 160ms (Views: 136.6ms | ActiveRecord: 1.4ms)


Started POST "/animals" for 127.0.0.1 at 2018-05-09 08:49:27 -0300
Processing by AnimalsController#create as HTML
  Parameters: {"utf8"=>"✓", "authenticity_token"=>"Y5Rxxyq6Wjs8F1YWicS62l0Y3LeVKQB7OvQbPVXLg3l3OvNYu01ifCOogXUmgNoi1NU9HWGTXrLc/4XioucfqA==", "animal"=>{"name"=>"sdf", "image"=>#<ActionDispatch::Http::UploadedFile:0x00000001dfa4e8 @tempfile=#<Tempfile:/tmp/RackMultipart20180509-3527-d94yt0.jpg>, @original_filename="1e2a02c5812763c41a1e4553234f67bf.jpg", @content_type="image/jpeg", @headers="Content-Disposition: form-data; name=\"animal[image]\"; filename=\"1e2a02c5812763c41a1e4553234f67bf.jpg\"\r\nContent-Type: image/jpeg\r\n">, "species"=>"fgf", "breed"=>"fgdffd", "note"=>"gfdh"}, "commit"=>"Create Animal"}
  [1m[36mUser Load (0.6ms)[0m  [1m[34mSELECT  `users`.* FROM `users` WHERE `users`.`id` = 1 ORDER BY `users`.`id` ASC LIMIT 1[0m
  [1m[35m (0.4ms)[0m  [1m[35mBEGIN[0m
  [1m[35mSQL (14.1ms)[0m  [1m[32mINSERT INTO `animals` (`name`, `image`, `species`, `breed`, `note`, `created_at`, `updated_at`) VALUES ('sdf', '1e2a02c5812763c41a1e4553234f67bf.jpg', 'fgf', 'fgdffd', 'gfdh', '2018-05-09 11:49:28', '2018-05-09 11:49:28')[0m
  [1m[35m (48.2ms)[0m  [1m[35mCOMMIT[0m
Redirected to http://0.0.0.0:3000/animals/1
Completed 302 Found in 1133ms (ActiveRecord: 63.4ms)


Started GET "/animals/1" for 127.0.0.1 at 2018-05-09 08:49:28 -0300
Processing by AnimalsController#show as HTML
  Parameters: {"id"=>"1"}
  [1m[36mAnimal Load (0.9ms)[0m  [1m[34mSELECT  `animals`.* FROM `animals` WHERE `animals`.`id` = 1 LIMIT 1[0m
  [1m[36mUser Load (0.8ms)[0m  [1m[34mSELECT  `users`.* FROM `users` WHERE `users`.`id` = 1 ORDER BY `users`.`id` ASC LIMIT 1[0m
  Rendering animals/show.html.erb within layouts/application
  Rendered animals/show.html.erb within layouts/application (6.9ms)
Completed 200 OK in 164ms (Views: 112.2ms | ActiveRecord: 1.7ms)


Started GET "/donations" for 127.0.0.1 at 2018-05-09 08:49:32 -0300
Processing by DonationsController#index as HTML
  [1m[36mUser Load (0.6ms)[0m  [1m[34mSELECT  `users`.* FROM `users` WHERE `users`.`id` = 1 ORDER BY `users`.`id` ASC LIMIT 1[0m
  Rendering donations/index.html.erb within layouts/application
  [1m[36mDonation Load (0.5ms)[0m  [1m[34mSELECT  `donations`.* FROM `donations` LIMIT 1 OFFSET 0[0m
  Rendered donations/index.html.erb within layouts/application (14.6ms)
Completed 200 OK in 104ms (Views: 97.7ms | ActiveRecord: 1.1ms)


Started GET "/donations/new" for 127.0.0.1 at 2018-05-09 08:49:33 -0300
Processing by DonationsController#new as HTML
  [1m[36mUser Load (0.6ms)[0m  [1m[34mSELECT  `users`.* FROM `users` WHERE `users`.`id` = 1 ORDER BY `users`.`id` ASC LIMIT 1[0m
  Rendering donations/new.html.erb within layouts/application
  [1m[36mDonorType Load (0.6ms)[0m  [1m[34mSELECT `donor_types`.* FROM `donor_types`[0m
  [1m[36mAnimal Load (0.6ms)[0m  [1m[34mSELECT `animals`.* FROM `animals`[0m
  Rendered donations/_form.js.erb (1.0ms)
  Rendered donations/_form.html.erb (14.1ms)
  Rendered donations/new.html.erb within layouts/application (17.7ms)
Completed 200 OK in 165ms (Views: 158.5ms | ActiveRecord: 1.7ms)


Started POST "/donations" for 127.0.0.1 at 2018-05-09 08:49:39 -0300
Processing by DonationsController#create as HTML
  Parameters: {"utf8"=>"✓", "authenticity_token"=>"xzh+Xj9TIwHu7RjojI43p7RVo59YQPqpl9LQxq+7Tp5D1LGqTH7S/bTxG8B3vNpzxJogB8yIRYGMqocKv/+Pew==", "donation"=>{"person"=>"gfdgdfg", "donor_type_id"=>"2", "amount"=>"4", "animal_id"=>"1"}, "commit"=>"Create Doações"}
  [1m[36mUser Load (0.6ms)[0m  [1m[34mSELECT  `users`.* FROM `users` WHERE `users`.`id` = 1 ORDER BY `users`.`id` ASC LIMIT 1[0m
  [1m[35m (0.3ms)[0m  [1m[35mBEGIN[0m
  [1m[36mDonorType Load (0.8ms)[0m  [1m[34mSELECT  `donor_types`.* FROM `donor_types` WHERE `donor_types`.`id` = 2 LIMIT 1[0m
  [1m[35mSQL (0.7ms)[0m  [1m[32mINSERT INTO `donations` (`person`, `donor_type_id`, `amount`, `animal_id`, `created_at`, `updated_at`) VALUES ('gfdgdfg', 2, '4', 1, '2018-05-09 11:49:39', '2018-05-09 11:49:39')[0m
  [1m[35m (45.0ms)[0m  [1m[35mCOMMIT[0m
Redirected to http://0.0.0.0:3000/donations/1
Completed 302 Found in 216ms (ActiveRecord: 47.4ms)


Started GET "/donations/1" for 127.0.0.1 at 2018-05-09 08:49:39 -0300
Processing by DonationsController#show as HTML
  Parameters: {"id"=>"1"}
  [1m[36mDonation Load (0.8ms)[0m  [1m[34mSELECT  `donations`.* FROM `donations` WHERE `donations`.`id` = 1 LIMIT 1[0m
  [1m[36mUser Load (0.8ms)[0m  [1m[34mSELECT  `users`.* FROM `users` WHERE `users`.`id` = 1 ORDER BY `users`.`id` ASC LIMIT 1[0m
  Rendering donations/show.html.erb within layouts/application
  [1m[36mDonorType Load (0.6ms)[0m  [1m[34mSELECT  `donor_types`.* FROM `donor_types` WHERE `donor_types`.`id` = 2 LIMIT 1[0m
  [1m[36mAnimal Load (0.5ms)[0m  [1m[34mSELECT  `animals`.* FROM `animals` WHERE `animals`.`id` = 1 LIMIT 1[0m
  Rendered donations/show.html.erb within layouts/application (14.5ms)
Completed 200 OK in 161ms (Views: 128.0ms | ActiveRecord: 2.8ms)


Started GET "/donations/1/edit" for 127.0.0.1 at 2018-05-09 08:49:46 -0300
Processing by DonationsController#edit as HTML
  Parameters: {"id"=>"1"}
  [1m[36mDonation Load (1.6ms)[0m  [1m[34mSELECT  `donations`.* FROM `donations` WHERE `donations`.`id` = 1 LIMIT 1[0m
  [1m[36mUser Load (0.6ms)[0m  [1m[34mSELECT  `users`.* FROM `users` WHERE `users`.`id` = 1 ORDER BY `users`.`id` ASC LIMIT 1[0m
  Rendering donations/edit.html.erb within layouts/application
  Rendered donations/_form.html.erb (40.7ms)
  Rendered donations/edit.html.erb within layouts/application (45.2ms)
Completed 500 Internal Server Error in 84ms (ActiveRecord: 2.2ms)


  
ActionView::Template::Error (undefined method `collect' for nil:NilClass):
    25:   <div class="form-group">
    26:     <%= f.label :donor_type_id, :class => 'control-label col-lg-2' %>
    27:     <div class="col-lg-10">    
    28:       <%= f.select :donor_type_id, @donations_type.collect { |dt| [dt.name, dt.id]}, {include_blank: true}, { class: "form-control" }  %>
    29:     </div>
    30:     <%=f.error_span(:donor_type_id) %>
    31:   </div>
  
app/views/donations/_form.html.erb:28:in `block in _app_views_donations__form_html_erb__2238917476187752149_69854568414060'
app/views/donations/_form.html.erb:1:in `_app_views_donations__form_html_erb__2238917476187752149_69854568414060'
app/views/donations/edit.html.erb:5:in `_app_views_donations_edit_html_erb___4323154167962819259_69854570596220'
Started GET "/" for 127.0.0.1 at 2018-05-09 08:57:08 -0300
Processing by HomesController#index as HTML
  [1m[36mUser Load (0.6ms)[0m  [1m[34mSELECT  `users`.* FROM `users` WHERE `users`.`id` = 1 ORDER BY `users`.`id` ASC LIMIT 1[0m
  Rendering homes/index.html.erb within layouts/application
  Rendered homes/index.html.erb within layouts/application (0.7ms)
Completed 200 OK in 94ms (Views: 89.0ms | ActiveRecord: 0.6ms)


Started DELETE "/users/sign_out" for 127.0.0.1 at 2018-05-09 08:57:10 -0300
Processing by Devise::SessionsController#destroy as HTML
  Parameters: {"authenticity_token"=>"Lo0FaZcizhd+YmGD2hAbEqHFfny0uD4KTwS7osFgN5AQvrK2Ez2fPe1uillOZWQ0/4QZUfjRkaRR0zHsnJ3ZLw=="}
  [1m[36mUser Load (0.8ms)[0m  [1m[34mSELECT  `users`.* FROM `users` WHERE `users`.`id` = 1 ORDER BY `users`.`id` ASC LIMIT 1[0m
  [1m[35m (0.5ms)[0m  [1m[35mBEGIN[0m
  [1m[35m (0.4ms)[0m  [1m[35mCOMMIT[0m
Redirected to http://0.0.0.0:3000/
Completed 302 Found in 98ms (ActiveRecord: 1.7ms)


Started GET "/" for 127.0.0.1 at 2018-05-09 08:57:10 -0300
Processing by HomesController#index as HTML
Completed 401 Unauthorized in 11ms (ActiveRecord: 0.0ms)


Started GET "/users/sign_in" for 127.0.0.1 at 2018-05-09 08:57:10 -0300
Processing by Devise::SessionsController#new as HTML
  Rendering devise/sessions/new.html.erb within layouts/devise
  Rendered devise/sessions/new.html.erb within layouts/devise (42.3ms)
Completed 200 OK in 195ms (Views: 190.1ms | ActiveRecord: 0.0ms)


Started POST "/users/sign_in" for 127.0.0.1 at 2018-05-09 08:57:24 -0300
Processing by Devise::SessionsController#create as HTML
  Parameters: {"utf8"=>"✓", "authenticity_token"=>"2p5ad0MDopooTaCR+4uE0KOSZDwtkd3nG8LpM7uekSAQSTrT7ejGHLAvZ47x/HPeZexxsXlialf+8aFRcF+zsQ==", "user"=>{"email"=>"caio@caio.com.br", "password"=>"[FILTERED]"}, "commit"=>"Log in"}
  [1m[36mUser Load (1.0ms)[0m  [1m[34mSELECT  `users`.* FROM `users` WHERE `users`.`email` = 'caio@caio.com.br' ORDER BY `users`.`id` ASC LIMIT 1[0m
  [1m[35m (0.3ms)[0m  [1m[35mBEGIN[0m
  [1m[35mSQL (20.6ms)[0m  [1m[33mUPDATE `users` SET `current_sign_in_at` = '2018-05-09 11:57:24', `last_sign_in_at` = '2018-05-08 22:55:43', `sign_in_count` = 6, `updated_at` = '2018-05-09 11:57:24' WHERE `users`.`id` = 1[0m
  [1m[35m (40.7ms)[0m  [1m[35mCOMMIT[0m
Redirected to http://0.0.0.0:3000/
Completed 302 Found in 618ms (ActiveRecord: 62.5ms)


Started GET "/" for 127.0.0.1 at 2018-05-09 08:57:24 -0300
Processing by HomesController#index as HTML
  [1m[36mUser Load (0.5ms)[0m  [1m[34mSELECT  `users`.* FROM `users` WHERE `users`.`id` = 1 ORDER BY `users`.`id` ASC LIMIT 1[0m
  Rendering homes/index.html.erb within layouts/application
  Rendered homes/index.html.erb within layouts/application (0.5ms)
Completed 200 OK in 96ms (Views: 92.4ms | ActiveRecord: 0.5ms)


Started GET "/animal_histories" for 127.0.0.1 at 2018-05-09 08:58:34 -0300
Processing by AnimalHistoriesController#index as HTML
  [1m[36mUser Load (2.4ms)[0m  [1m[34mSELECT  `users`.* FROM `users` WHERE `users`.`id` = 1 ORDER BY `users`.`id` ASC LIMIT 1[0m
  Rendering animal_histories/index.html.erb within layouts/application
  [1m[36mAnimalHistory Load (13.5ms)[0m  [1m[34mSELECT  `animal_histories`.* FROM `animal_histories` LIMIT 1 OFFSET 0[0m
  Rendered animal_histories/index.html.erb within layouts/application (32.7ms)
Completed 200 OK in 210ms (Views: 163.4ms | ActiveRecord: 16.7ms)


Started GET "/animal_histories/new" for 127.0.0.1 at 2018-05-09 08:58:36 -0300
Processing by AnimalHistoriesController#new as HTML
  [1m[36mUser Load (1.3ms)[0m  [1m[34mSELECT  `users`.* FROM `users` WHERE `users`.`id` = 1 ORDER BY `users`.`id` ASC LIMIT 1[0m
  Rendering animal_histories/new.html.erb within layouts/application
  [1m[36mAnimal Load (0.8ms)[0m  [1m[34mSELECT `animals`.* FROM `animals`[0m
  [1m[36mVet Load (1.8ms)[0m  [1m[34mSELECT `vets`.* FROM `vets`[0m
  Rendered animal_histories/_form.js.erb (1.0ms)
  Rendered animal_histories/_form.html.erb (31.5ms)
  Rendered animal_histories/new.html.erb within layouts/application (61.4ms)
Completed 200 OK in 229ms (Views: 187.3ms | ActiveRecord: 6.2ms)


Started GET "/animal_histories" for 127.0.0.1 at 2018-05-09 08:58:46 -0300
Processing by AnimalHistoriesController#index as HTML
  [1m[36mUser Load (1.8ms)[0m  [1m[34mSELECT  `users`.* FROM `users` WHERE `users`.`id` = 1 ORDER BY `users`.`id` ASC LIMIT 1[0m
  Rendering animal_histories/index.html.erb within layouts/application
  [1m[36mAnimalHistory Load (4.1ms)[0m  [1m[34mSELECT  `animal_histories`.* FROM `animal_histories` LIMIT 1 OFFSET 0[0m
  Rendered animal_histories/index.html.erb within layouts/application (25.4ms)
Completed 200 OK in 171ms (Views: 157.4ms | ActiveRecord: 5.9ms)


Started GET "/donor_types" for 127.0.0.1 at 2018-05-09 09:00:58 -0300
Processing by DonorTypesController#index as HTML
  [1m[36mUser Load (0.8ms)[0m  [1m[34mSELECT  `users`.* FROM `users` WHERE `users`.`id` = 1 ORDER BY `users`.`id` ASC LIMIT 1[0m
  Rendering donor_types/index.html.erb within layouts/application
  [1m[36mDonorType Load (0.8ms)[0m  [1m[34mSELECT  `donor_types`.* FROM `donor_types` LIMIT 1 OFFSET 0[0m
  [1m[35m (0.7ms)[0m  [1m[34mSELECT COUNT(*) FROM `donor_types`[0m
  Rendered donor_types/index.html.erb within layouts/application (32.0ms)
Completed 200 OK in 166ms (Views: 145.9ms | ActiveRecord: 2.3ms)


Started GET "/donor_types" for 127.0.0.1 at 2018-05-09 09:01:09 -0300
Processing by DonorTypesController#index as HTML
  [1m[36mUser Load (0.7ms)[0m  [1m[34mSELECT  `users`.* FROM `users` WHERE `users`.`id` = 1 ORDER BY `users`.`id` ASC LIMIT 1[0m
  Rendering donor_types/index.html.erb within layouts/application
  [1m[36mDonorType Load (0.6ms)[0m  [1m[34mSELECT  `donor_types`.* FROM `donor_types` LIMIT 1 OFFSET 0[0m
  [1m[35m (0.4ms)[0m  [1m[34mSELECT COUNT(*) FROM `donor_types`[0m
  Rendered donor_types/index.html.erb within layouts/application (24.2ms)
Completed 200 OK in 172ms (Views: 160.6ms | ActiveRecord: 1.7ms)


Started GET "/users" for 127.0.0.1 at 2018-05-09 09:01:10 -0300
Processing by UsersController#index as HTML
  [1m[36mUser Load (0.7ms)[0m  [1m[34mSELECT  `users`.* FROM `users` WHERE `users`.`id` = 1 ORDER BY `users`.`id` ASC LIMIT 1[0m
  Rendering users/index.html.erb within layouts/application
  [1m[36mUser Load (0.5ms)[0m  [1m[34mSELECT  `users`.* FROM `users` LIMIT 1 OFFSET 0[0m
  [1m[35m (0.4ms)[0m  [1m[34mSELECT COUNT(*) FROM `users`[0m
  Rendered users/index.html.erb within layouts/application (27.4ms)
Completed 200 OK in 144ms (Views: 137.6ms | ActiveRecord: 1.6ms)


Started GET "/users" for 127.0.0.1 at 2018-05-09 09:01:12 -0300
Processing by UsersController#index as HTML
  [1m[36mUser Load (0.7ms)[0m  [1m[34mSELECT  `users`.* FROM `users` WHERE `users`.`id` = 1 ORDER BY `users`.`id` ASC LIMIT 1[0m
  Rendering users/index.html.erb within layouts/application
  [1m[36mUser Load (0.5ms)[0m  [1m[34mSELECT  `users`.* FROM `users` LIMIT 1 OFFSET 0[0m
  [1m[35m (0.5ms)[0m  [1m[34mSELECT COUNT(*) FROM `users`[0m
  Rendered users/index.html.erb within layouts/application (24.0ms)
Completed 200 OK in 135ms (Views: 129.2ms | ActiveRecord: 1.7ms)


Started GET "/donations" for 127.0.0.1 at 2018-05-09 09:01:13 -0300
Processing by DonationsController#index as HTML
  [1m[36mUser Load (0.6ms)[0m  [1m[34mSELECT  `users`.* FROM `users` WHERE `users`.`id` = 1 ORDER BY `users`.`id` ASC LIMIT 1[0m
  Rendering donations/index.html.erb within layouts/application
  [1m[36mDonation Load (0.5ms)[0m  [1m[34mSELECT  `donations`.* FROM `donations` LIMIT 1 OFFSET 0[0m
  [1m[36mDonorType Load (0.6ms)[0m  [1m[34mSELECT  `donor_types`.* FROM `donor_types` WHERE `donor_types`.`id` = 2 LIMIT 1[0m
  [1m[36mAnimal Load (0.6ms)[0m  [1m[34mSELECT  `animals`.* FROM `animals` WHERE `animals`.`id` = 1 LIMIT 1[0m
  [1m[35m (0.6ms)[0m  [1m[34mSELECT COUNT(*) FROM `donations`[0m
  Rendered donations/index.html.erb within layouts/application (23.1ms)
Completed 200 OK in 135ms (Views: 127.4ms | ActiveRecord: 2.8ms)


Started GET "/donations/1" for 127.0.0.1 at 2018-05-09 09:01:34 -0300
Processing by DonationsController#show as HTML
  Parameters: {"id"=>"1"}
  [1m[36mDonation Load (0.6ms)[0m  [1m[34mSELECT  `donations`.* FROM `donations` WHERE `donations`.`id` = 1 LIMIT 1[0m
  [1m[36mUser Load (0.5ms)[0m  [1m[34mSELECT  `users`.* FROM `users` WHERE `users`.`id` = 1 ORDER BY `users`.`id` ASC LIMIT 1[0m
  Rendering donations/show.html.erb within layouts/application
  [1m[36mDonorType Load (0.6ms)[0m  [1m[34mSELECT  `donor_types`.* FROM `donor_types` WHERE `donor_types`.`id` = 2 LIMIT 1[0m
  [1m[36mAnimal Load (0.5ms)[0m  [1m[34mSELECT  `animals`.* FROM `animals` WHERE `animals`.`id` = 1 LIMIT 1[0m
  Rendered donations/show.html.erb within layouts/application (19.7ms)
Completed 200 OK in 145ms (Views: 133.6ms | ActiveRecord: 2.3ms)


Started GET "/donations/1/edit" for 127.0.0.1 at 2018-05-09 09:01:37 -0300
Processing by DonationsController#edit as HTML
  Parameters: {"id"=>"1"}
  [1m[36mDonation Load (0.5ms)[0m  [1m[34mSELECT  `donations`.* FROM `donations` WHERE `donations`.`id` = 1 LIMIT 1[0m
  [1m[36mUser Load (2.4ms)[0m  [1m[34mSELECT  `users`.* FROM `users` WHERE `users`.`id` = 1 ORDER BY `users`.`id` ASC LIMIT 1[0m
  Rendering donations/edit.html.erb within layouts/application
  Rendered donations/_form.html.erb (7.5ms)
  Rendered donations/edit.html.erb within layouts/application (13.2ms)
Completed 500 Internal Server Error in 38ms (ActiveRecord: 2.8ms)


  
ActionView::Template::Error (undefined method `collect' for nil:NilClass):
    25:   <div class="form-group">
    26:     <%= f.label :donor_type_id, :class => 'control-label col-lg-2' %>
    27:     <div class="col-lg-10">    
    28:       <%= f.select :donor_type_id, @donations_type.collect { |dt| [dt.name, dt.id]}, {include_blank: true}, { class: "form-control" }  %>
    29:     </div>
    30:     <%=f.error_span(:donor_type_id) %>
    31:   </div>
  
app/views/donations/_form.html.erb:28:in `block in _app_views_donations__form_html_erb__2238917476187752149_69854491196200'
app/views/donations/_form.html.erb:1:in `_app_views_donations__form_html_erb__2238917476187752149_69854491196200'
app/views/donations/edit.html.erb:5:in `_app_views_donations_edit_html_erb___4323154167962819259_69854524376580'
Started GET "/donations" for 127.0.0.1 at 2018-05-09 09:01:49 -0300
Processing by DonationsController#index as HTML
  [1m[36mUser Load (0.5ms)[0m  [1m[34mSELECT  `users`.* FROM `users` WHERE `users`.`id` = 1 ORDER BY `users`.`id` ASC LIMIT 1[0m
  Rendering donations/index.html.erb within layouts/application
  [1m[36mDonation Load (1.2ms)[0m  [1m[34mSELECT  `donations`.* FROM `donations` LIMIT 1 OFFSET 0[0m
  [1m[36mDonorType Load (0.5ms)[0m  [1m[34mSELECT  `donor_types`.* FROM `donor_types` WHERE `donor_types`.`id` = 2 LIMIT 1[0m
  [1m[36mAnimal Load (0.5ms)[0m  [1m[34mSELECT  `animals`.* FROM `animals` WHERE `animals`.`id` = 1 LIMIT 1[0m
  [1m[35m (0.9ms)[0m  [1m[34mSELECT COUNT(*) FROM `donations`[0m
  Rendered donations/index.html.erb within layouts/application (24.7ms)
Completed 200 OK in 133ms (Views: 122.7ms | ActiveRecord: 3.6ms)


Started GET "/donations" for 127.0.0.1 at 2018-05-09 09:01:52 -0300
Processing by DonationsController#index as HTML
  [1m[36mUser Load (1.9ms)[0m  [1m[34mSELECT  `users`.* FROM `users` WHERE `users`.`id` = 1 ORDER BY `users`.`id` ASC LIMIT 1[0m
  Rendering donations/index.html.erb within layouts/application
  [1m[36mDonation Load (2.2ms)[0m  [1m[34mSELECT  `donations`.* FROM `donations` LIMIT 1 OFFSET 0[0m
  [1m[36mDonorType Load (0.5ms)[0m  [1m[34mSELECT  `donor_types`.* FROM `donor_types` WHERE `donor_types`.`id` = 2 LIMIT 1[0m
  [1m[36mAnimal Load (0.5ms)[0m  [1m[34mSELECT  `animals`.* FROM `animals` WHERE `animals`.`id` = 1 LIMIT 1[0m
  [1m[35m (0.4ms)[0m  [1m[34mSELECT COUNT(*) FROM `donations`[0m
  Rendered donations/index.html.erb within layouts/application (20.7ms)
Completed 200 OK in 122ms (Views: 111.4ms | ActiveRecord: 5.5ms)


Started GET "/donations" for 127.0.0.1 at 2018-05-09 09:01:56 -0300
Processing by DonationsController#index as HTML
  [1m[36mUser Load (5.8ms)[0m  [1m[34mSELECT  `users`.* FROM `users` WHERE `users`.`id` = 1 ORDER BY `users`.`id` ASC LIMIT 1[0m
  Rendering donations/index.html.erb within layouts/application
  [1m[36mDonation Load (3.9ms)[0m  [1m[34mSELECT  `donations`.* FROM `donations` LIMIT 1 OFFSET 0[0m
  [1m[36mDonorType Load (0.6ms)[0m  [1m[34mSELECT  `donor_types`.* FROM `donor_types` WHERE `donor_types`.`id` = 2 LIMIT 1[0m
  [1m[36mAnimal Load (0.9ms)[0m  [1m[34mSELECT  `animals`.* FROM `animals` WHERE `animals`.`id` = 1 LIMIT 1[0m
  [1m[35m (0.8ms)[0m  [1m[34mSELECT COUNT(*) FROM `donations`[0m
  Rendered donations/index.html.erb within layouts/application (41.8ms)
Completed 200 OK in 166ms (Views: 150.1ms | ActiveRecord: 12.0ms)


Started GET "/users" for 127.0.0.1 at 2018-05-09 09:20:27 -0300
Processing by UsersController#index as HTML
  [1m[36mUser Load (0.6ms)[0m  [1m[34mSELECT  `users`.* FROM `users` WHERE `users`.`id` = 1 ORDER BY `users`.`id` ASC LIMIT 1[0m
  Rendering users/index.html.erb within layouts/application
  [1m[36mUser Load (0.7ms)[0m  [1m[34mSELECT  `users`.* FROM `users` LIMIT 1 OFFSET 0[0m
  [1m[35m (0.6ms)[0m  [1m[34mSELECT COUNT(*) FROM `users`[0m
  Rendered users/index.html.erb within layouts/application (21.5ms)
Completed 200 OK in 138ms (Views: 130.7ms | ActiveRecord: 1.8ms)


